1664	the
780	and
773	to
662	a
596	of
484	she
416	said
401	in
356	it
329	was
301	you
260	I
246	as
226	that
221	Alice
214	with
211	at
203	her
175	had
168	all
154	be
148	on
146	for
137	or
127	very
122	this
122	not
117	little
109	they
105	but
104	so
100	The
97	out
96	he
93	his
91	about
89	is
86	what
83	up
82	were
79	went
78	one
78	Project
77	down
77	have
74	like
73	if
72	no
72	by
68	would
67	into
67	any
67	when
63	thought
63	could
62	your
60	its
60	do
56	Mock
56	an
55	my
54	are
53	quite
51	who
50	their
50	did
50	then
49	them
49	And
48	see
48	must
47	some
47	began
46	me
46	time
45	from
45	looked
45	got
45	only
45	such
45	know
44	there
44	which
43	just
43	get
41	how
41	much
40	herself
39	other
39	great
39	way
39	work
38	go
38	came
38	off
38	more
37	never
37	can
37	think
36	been
35	thing
35	after
35	say
34	Queen
33	She
33	Turtle
32	without
32	large
31	found
31	over
31	March
31	put
30	long
30	round
30	looking
29	head
29	Rabbit
29	make
29	heard
29	will
29	made
29	back
29	should
28	upon
28	first
27	well
27	electronic
27	might
27	King
27	seemed
26	going
26	may
26	tell
25	last
25	rather
25	poor
25	look
24	Hatter
24	than
24	use
23	three
23	we
23	shall
23	now
23	set
23	Dormouse
23	So
23	felt
23	good
23	took
23	soon
22	right
22	same
22	come
22	works
22	White
22	nothing
22	Gryphon
22	wish
21	too
21	There
21	moment
21	him
21	getting
21	under
21	things
21	another
21	half
20	two
20	added
20	This
20	find
20	before
20	terms
20	next
19	till
19	Gutenberg
19	being
18	tried
18	even
18	eyes
18	cried
18	once
18	You
18	take
17	away
17	voice
17	sort
17	sat
17	It
17	Mouse
17	If
16	eat
16	Hare
16	turned
16	ever
16	curious
16	full
16	sure
16	both
15	minute
15	hear
15	anything
15	door
15	But
15	called
15	Duchess
15	wonder
15	used
15	while
14	here
14	something
14	Foundation
14	old
14	replied
14	idea
14	through
14	these
14	He
14	words
13	anxiously
13	am
13	Archive
13	near
13	again
13	kept
13	Literary
13	THE
13	people
13	left
13	saw
13	ought
13	ran
13	whole
13	grow
13	OF
13	many
13	gave
13	knew
13	YOU
12	behind
12	VERY
12	still
12	close
12	among
12	because
12	As
12	talking
12	end
12	makes
12	CHAPTER
12	give
12	seen
12	side
12	turning
12	try
12	copyright
12	For
12	beginning
12	perhaps
12	remember
12	every
11	glad
11	deal
11	our
11	day
11	feet
11	better
11	hardly
11	nearly
11	saying
11	hurried
11	whether
11	course
11	donations
11	trying
11	Caterpillar
11	help
11	hand
11	always
10	access
10	read
10	us
10	few
10	done
10	paragraph
10	walked
10	They
10	sitting
10	thinking
10	talk
10	enough
10	most
10	small
10	keep
10	having
10	where
10	United
10	against
9	agree
9	Dodo
9	rest
9	queer
9	How
9	shook
9	shouted
9	want
9	change
9	jury
9	waited
9	please
9	join
9	suddenly
9	own
9	really
9	written
9	opened
9	those
9	cats
9	afraid
9	everything
9	opportunity
9	far
9	name
9	Then
9	gone
8	IS
8	party
8	cook
8	repeated
8	tone
8	agreement
8	asked
8	fee
8	believe
8	reason
8	speak
8	THIS
8	has
8	feel
8	play
8	word
8	almost
8	Cat
8	house
8	followed
8	copy
8	running
8	License
8	public
8	certainly
8	fan
8	forth
8	top
8	A
8	explain
8	suppose
8	soldiers
8	hard
8	Do
8	else
8	each
8	THAT
8	matter
8	bit
8	lying
8	At
8	itself
8	making
8	room
8	beautiful
7	associated
7	hastily
7	low
7	table
7	When
7	finished
7	writing
7	free
7	birds
7	notice
7	live
7	question
7	frightened
7	beg
7	cat
7	tired
7	new
7	why
7	bright
7	marked
7	bottle
7	noticed
7	arm
7	changed
7	seem
7	goes
7	domain
7	best
7	place
7	including
7	continued
7	begin
7	heads
7	least
7	let
7	ask
7	wondering
7	golden
7	dry
7	ready
7	mouth
7	waiting
7	mean
7	number
7	Section
7	grown
7	offended
7	laws
7	meaning
7	face
7	stood
7	YOUR
7	Knave
7	minutes
7	copies
7	NOT
7	hold
6	sharp
6	refund
6	second
6	baby
6	open
6	forgotten
6	hands
6	slowly
6	using
6	world
6	distributing
6	feeling
6	game
6	dear
6	creatures
6	times
6	four
6	inches
6	dreadfully
6	kind
6	answer
6	Who
6	charge
6	trembling
6	pool
6	comply
6	paid
6	yet
6	distribution
6	melancholy
6	Let
6	told
6	size
6	manage
6	neck
6	While
6	Cheshire
6	surprised
6	tax
6	fell
6	though
6	days
6	In
6	repeat
6	person
6	fall
6	sentence
6	turn
6	leave
6	received
6	OR
6	either
6	permission
6	white
6	moral
6	growing
6	provide
6	state
6	begun
5	sighed
5	drew
5	dare
5	cut
5	taking
5	pleased
5	several
5	simple
5	happen
5	fetch
5	interrupted
5	puzzled
5	puppy
5	Here
5	ARE
5	crowded
5	shoes
5	HAVE
5	sit
5	deep
5	tea
5	call
5	roof
5	After
5	Pigeon
5	pair
5	means
5	piece
5	hair
5	sister
5	sounded
5	between
5	pepper
5	waving
5	Just
5	swam
5	eBook
5	remembered
5	gloves
5	learn
5	exactly
5	kid
5	foot
5	mad
5	understand
5	young
5	different
5	part
5	generally
5	ten
5	broken
5	write
5	TO
5	editions
5	across
5	WOULD
5	posted
5	nice
5	Oh
5	within
5	key
5	cannot
5	watch
5	yourself
5	arms
5	children
5	sudden
5	trees
5	walking
5	coming
5	distribute
5	jumped
5	along
5	become
5	IN
5	everybody
5	court
5	volunteers
5	hedgehog
4	paper
4	carried
4	shut
4	dead
4	busily
4	certain
4	hurry
4	often
4	asleep
4	hookah
4	lay
4	Information
4	jumping
4	spoke
4	trial
4	met
4	unless
4	draw
4	fallen
4	States
4	likely
4	until
4	chance
4	exclaimed
4	yer
4	capital
4	worth
4	fast
4	school
4	important
4	Come
4	begins
4	glass
4	nervous
4	status
4	sometimes
4	screamed
4	anyone
4	chin
4	rate
4	dropped
4	WILL
4	states
4	What
4	fear
4	case
4	himself
4	located
4	mushroom
4	perfectly
4	strange
4	drink
4	sides
4	Dinah
4	short
4	tiny
4	stand
4	Footman
4	mind
4	nine
4	hope
4	Lewis
4	since
4	Will
4	beat
4	passed
4	CAN
4	says
4	providing
4	pack
4	pictures
4	easily
4	phrase
4	bottom
4	except
4	whispered
4	trouble
4	Carroll
4	eye
4	hot
4	Lobster
4	puzzling
4	Adventures
4	witness
4	stay
4	tears
4	ventured
4	quietly
4	seems
4	taught
4	conversation
4	WAS
4	By
4	Said
4	others
4	To
4	site
4	nearer
4	Soup
4	held
4	meant
4	sleep
4	wanted
4	does
4	reach
4	led
4	crowd
4	argument
4	rules
4	freely
4	individual
4	finish
4	shrinking
4	taken
4	lessons
4	moved
4	listen
4	walk
4	spread
4	gardeners
4	care
4	AND
4	keeping
4	On
4	height
4	An
4	PROJECT
4	ears
4	garden
4	online
4	format
4	sneezing
3	opening
3	Lory
3	General
3	tarts
3	lived
3	nursing
3	proper
3	complying
3	contact
3	permitted
3	stop
3	obliged
3	staring
3	choked
3	whiting
3	caught
3	tail
3	teacup
3	decided
3	howling
3	appeared
3	bound
3	sleepy
3	high
3	pattering
3	dark
3	handed
3	replacement
3	business
3	considered
3	noise
3	instantly
3	late
3	confusion
3	subject
3	Some
3	cry
3	bringing
3	general
3	French
3	verses
3	constant
3	hearing
3	guessed
3	WONDERLAND
3	none
3	somebody
3	return
3	girl
3	sending
3	pressed
3	funny
3	loud
3	pointing
3	country
3	limitation
3	filled
3	ANY
3	mice
3	footman
3	collection
3	remark
3	shrill
3	sounds
3	shriek
3	suppressed
3	eager
3	printed
3	real
3	picked
3	Web
3	Panther
3	lobsters
3	interesting
3	solemn
3	LIMITED
3	hanging
3	child
3	tucked
3	reading
3	immediately
3	tree
3	moving
3	arches
3	throw
3	sent
3	miles
3	dish
3	Yet
3	vanished
3	hers
3	money
3	mission
3	takes
3	shoulder
3	web
3	frowning
3	succeeded
3	evidence
3	silence
3	less
3	tails
3	book
3	alone
3	larger
3	official
3	middle
3	box
3	fancy
3	crossed
3	natural
3	green
3	medium
3	possibly
3	answered
3	severely
3	twinkling
3	See
3	pleaded
3	immediate
3	cause
3	entity
3	creating
3	notion
3	hunting
3	links
3	managed
3	future
3	applicable
3	NO
3	owner
3	watching
3	edge
3	Her
3	brought
3	repeating
3	dream
3	settled
3	catch
3	nibbling
3	difficulty
3	gently
3	hoping
3	tossing
3	forgetting
3	also
3	mouse
3	officers
3	venture
3	GUTENBERG
3	mentioned
3	HE
3	support
3	nobody
3	COULD
3	receive
3	above
3	compliance
3	eagerly
3	additional
3	outside
3	All
3	finding
3	liked
3	shaking
3	FOR
3	Where
3	run
3	sound
3	trademark
3	Mary
3	sorts
3	Seven
3	finger
3	expecting
3	derivative
3	timid
3	following
3	doing
3	cost
3	indeed
3	obtain
3	mine
3	That
3	happened
3	girls
3	meet
3	Would
3	wrote
3	distributed
3	William
3	considering
3	muttering
3	Tell
3	checked
3	unfortunate
3	payments
3	silent
3	provided
3	Which
3	anywhere
3	eBooks
3	croquet
3	show
3	grunted
3	ADVENTURES
3	hours
3	executioner
3	savage
3	jurors
3	asking
3	remained
3	legs
3	grave
3	peeped
3	particular
3	confused
3	bowed
3	paragraphs
3	putting
3	stopped
3	MUST
3	suit
3	sing
3	fond
3	animals
3	angry
2	order
2	crying
2	knows
2	PLEASE
2	file
2	shower
2	delighted
2	Owl
2	belongs
2	blew
2	grass
2	wandered
2	straight
2	resting
2	barrowful
2	muttered
2	drunk
2	giving
2	fine
2	bring
2	remarkable
2	ONE
2	six
2	readable
2	sharing
2	EVEN
2	blow
2	dipped
2	friend
2	quickly
2	widest
2	WHAT
2	entirely
2	otherwise
2	leaves
2	email
2	encouraging
2	miserable
2	WARRANTIES
2	references
2	threw
2	reasonable
2	registered
2	lady
2	DAMAGES
2	laid
2	hour
2	tumbling
2	quiet
2	stretched
2	date
2	nowhere
2	smiled
2	further
2	intellectual
2	learnt
2	remain
2	kick
2	chorus
2	remarking
2	FATHER
2	dispute
2	office
2	included
2	QUITE
2	violently
2	cautiously
2	HIM
2	produced
2	lie
2	With
2	leaning
2	throwing
2	matters
2	quarrelling
2	specified
2	First
2	English
2	attending
2	treacle
2	wise
2	Royalty
2	myself
2	fight
2	bark
2	painting
2	Its
2	check
2	heart
2	BEST
2	hurriedly
2	tells
2	players
2	closed
2	forehead
2	serpents
2	lefthand
2	confusing
2	treading
2	signed
2	angrily
2	ordering
2	themselves
2	dog
2	Last
2	deny
2	active
2	search
2	stirring
2	proud
2	worse
2	timidly
2	displaying
2	thoughts
2	nicely
2	life
2	personal
2	yesterday
2	Now
2	sulky
2	list
2	requirements
2	faces
2	LITTLE
2	sad
2	grand
2	offer
2	extraordinary
2	Wonderland
2	created
2	wonderful
2	instead
2	wherever
2	ear
2	row
2	kitchen
2	paying
2	hoarse
2	pale
2	form
2	entangled
2	plate
2	smoking
2	We
2	AGREE
2	body
2	concept
2	jurymen
2	Latitude
2	directed
2	wretched
2	Father
2	already
2	raised
2	limited
2	parchment
2	beautifully
2	messages
2	EBOOK
2	mistake
2	yawned
2	simply
2	mustard
2	receipt
2	Presently
2	flowers
2	information
2	fish
2	thousand
2	RIGHT
2	follows
2	squeaking
2	fancied
2	costs
2	sobbing
2	goldfish
2	presents
2	prevent
2	remaining
2	whose
2	merely
2	together
2	watched
2	nibbled
2	week
2	salt
2	rush
2	formats
2	excellent
2	shutting
2	Pennyworth
2	learning
2	master
2	ways
2	air
2	fact
2	cares
2	speaking
2	sooner
2	NEVER
2	wild
2	brightened
2	easy
2	difficult
2	copied
2	contain
2	rule
2	concerning
2	regular
2	loose
2	cauldron
2	destroy
2	older
2	Lizard
2	struck
2	proved
2	delightful
2	assembled
2	playing
2	weak
2	executed
2	taste
2	federal
2	snatch
2	grinned
2	caused
2	rattling
2	GAVE
2	carry
2	Mercia
2	defective
2	Longitude
2	flamingo
2	owns
2	nor
2	shared
2	teacups
2	position
2	wasting
2	doubtful
2	defect
2	twist
2	raving
2	impossible
2	neatly
2	FULL
2	ALL
2	MORE
2	No
2	property
2	abide
2	cool
2	authority
2	Off
2	shoulders
2	hit
2	carrying
2	royal
2	efforts
2	linked
2	hurt
2	smallest
2	Bill
2	mixed
2	wildly
2	Vanilla
2	wood
2	civil
2	page
2	promoting
2	age
2	upset
2	changes
2	considerable
2	missed
2	happens
2	wash
2	sulkily
2	Use
2	disclaimer
2	executions
2	summer
2	lovely
2	digging
2	usually
2	clear
2	forget
2	picking
2	sighing
2	distant
2	pebbles
2	stamping
2	physical
2	paws
2	burn
2	files
2	Except
2	wink
2	atom
2	water
2	forgot
2	fur
2	pieces
2	ground
2	sadly
2	advantage
2	startled
2	pleasure
2	crimson
2	shaped
2	unpleasant
2	fix
2	hungry
2	around
2	tones
2	twelve
2	swimming
2	addressed
2	unfolded
2	various
2	accordance
2	share
2	friends
2	ashamed
2	safe
2	mark
2	boots
2	doors
2	exempt
2	Terms
2	Quadrille
2	BREACH
2	tasted
2	dance
2	given
2	pinched
2	story
2	broke
2	wrong
2	interrupting
2	earls
2	prominently
2	unrolled
2	slipped
2	jar
2	lieu
2	Donations
2	dull
2	longed
2	ordered
2	occurred
2	obtaining
2	Michael
2	invitation
2	joined
2	sobs
2	introduce
2	shouting
2	recovered
2	neither
2	started
2	blasts
2	curled
2	computer
2	user
2	creature
2	trotting
2	protect
2	concluded
2	restrictions
2	heavy
2	loudly
2	candle
2	follow
2	questions
2	lap
2	sight
2	END
2	BE
2	voices
2	legal
2	allow
2	ornamented
2	anxious
2	archbishop
2	knowing
2	procession
2	violent
2	whom
2	doth
2	thoroughly
2	longer
2	falling
2	solicit
2	collected
2	move
2	custody
2	LICENSE
2	year
2	Next
2	trembled
2	appearing
2	adventures
2	guess
2	employees
2	direction
2	telling
2	rubbing
2	These
2	cupboards
2	sorrowful
2	solemnly
2	elbow
2	lonely
2	race
2	sang
2	copying
2	wants
2	HER
2	appear
2	depends
2	fees
2	chimney
2	wide
2	sea
2	splashing
2	based
2	holding
2	guests
2	crown
2	front
2	smiling
2	Majesty
2	showing
2	singing
2	reaching
2	catching
2	changing
2	became
1	BEG
1	someone
1	goals
1	Because
1	bone
1	Unless
1	inkstand
1	FULCRUM
1	pleasant
1	pigeon
1	appealed
1	squeeze
1	CONTRACT
1	month
1	est
1	dive
1	seated
1	slates
1	shake
1	pretend
1	grant
1	Kings
1	FITNESS
1	swamp
1	Mission
1	lazy
1	throne
1	Exactly
1	gross
1	despair
1	tougher
1	chimneys
1	addition
1	puffed
1	profit
1	cheated
1	Email
1	Domain
1	QUEEN
1	saves
1	chanced
1	crocodile
1	corporation
1	methods
1	appearance
1	Despite
1	wet
1	treatment
1	dancing
1	International
1	sharks
1	Director
1	bother
1	charities
1	expend
1	names
1	flew
1	Mad
1	panted
1	curtain
1	claim
1	roses
1	MERCHANTIBILITY
1	sensation
1	Pool
1	taller
1	yours
1	farther
1	codes
1	Contact
1	nevertheless
1	Latin
1	field
1	awfully
1	beds
1	Pepper
1	refused
1	REMEDIES
1	leap
1	scolded
1	UNDER
1	holder
1	fills
1	Pinch
1	welcome
1	arch
1	VOICE
1	harm
1	SOME
1	contemptuous
1	whisper
1	wrapping
1	accepting
1	rapped
1	enormous
1	engraved
1	finds
1	accounts
1	advise
1	relieved
1	Has
1	legally
1	swim
1	telescope
1	accept
1	frog
1	rearing
1	pinch
1	ringlets
1	invent
1	foolish
1	powdered
1	sneezed
1	apply
1	twentieth
1	SHE
1	minding
1	twice
1	statements
1	begged
1	His
1	tie
1	addressing
1	largest
1	locations
1	uncommon
1	afford
1	standing
1	executes
1	raven
1	pictured
1	passage
1	London
1	One
1	stays
1	barking
1	maximum
1	night
1	shifting
1	punished
1	OTHER
1	identification
1	containing
1	cold
1	blown
1	dreamed
1	gazing
1	Multiplication
1	rubbed
1	branches
1	representations
1	Hardly
1	disagree
1	PARAGRAPH
1	snorting
1	highest
1	steady
1	whenever
1	line
1	settling
1	helpless
1	reply
1	SOMEBODY
1	killing
1	locks
1	directions
1	Pray
1	pour
1	whistle
1	indicating
1	flinging
1	Little
1	attempted
1	jogged
1	scaly
1	heap
1	ate
1	peeping
1	solicitation
1	somehow
1	volunteer
1	balanced
1	brave
1	arguments
1	pity
1	earth
1	hung
1	dreamy
1	balls
1	complained
1	adoption
1	untwist
1	Go
1	seldom
1	fair
1	cup
1	denies
1	bats
1	My
1	produce
1	OUT
1	lesson
1	undertone
1	argued
1	sand
1	EIN
1	EVER
1	NOTICE
1	croqueted
1	conduct
1	tongue
1	irritated
1	Never
1	hatching
1	WITH
1	insolence
1	rustling
1	tight
1	concert
1	growled
1	Stop
1	rattle
1	Suddenly
1	tinkling
1	dried
1	send
1	stingy
1	particularly
1	gallons
1	Advice
1	unusually
1	happy
1	alternate
1	subscribe
1	usurpation
1	cunning
1	calling
1	Shall
1	tipped
1	PRECIOUS
1	THINK
1	shock
1	velvet
1	thank
1	discovered
1	clapping
1	commercial
1	walks
1	stopping
1	practically
1	figure
1	ridges
1	regulating
1	countries
1	peering
1	brushing
1	fighting
1	Imagine
1	juror
1	prosecute
1	choke
1	cleared
1	helped
1	officer
1	replace
1	hate
1	forwards
1	uglify
1	accustomed
1	died
1	specific
1	tide
1	SEND
1	waters
1	permanent
1	survive
1	originator
1	unwillingly
1	fanned
1	removed
1	hide
1	sell
1	butter
1	declared
1	burst
1	splashed
1	clasped
1	SOMETHING
1	draggled
1	Table
1	affectionately
1	positively
1	seaside
1	pattern
1	lodging
1	uniform
1	grinning
1	proofread
1	scrambling
1	EXPRESS
1	judging
1	variety
1	ancient
1	clearly
1	glaring
1	synonymous
1	calculated
1	pages
1	Nile
1	plenty
1	include
1	PERSONS
1	machines
1	swallowed
1	REFUND
1	queerest
1	pie
1	gained
1	offend
1	presented
1	version
1	coast
1	crept
1	REPLACEMENT
1	parts
1	managing
1	patiently
1	wriggling
1	pulled
1	morsel
1	tricks
1	Only
1	soft
1	Salt
1	card
1	branch
1	laughed
1	knelt
1	Any
1	necessarily
1	clearer
1	tied
1	pay
1	contradicted
1	MILLENNIUM
1	expense
1	claws
1	fork
1	fellows
1	fixed
1	transcription
1	backs
1	THERE
1	kill
1	extent
1	sense
1	glanced
1	principal
1	deepest
1	spoken
1	leaving
1	manners
1	fishes
1	undo
1	rising
1	outdated
1	attempts
1	brown
1	Atheling
1	meanwhile
1	shelves
1	crashed
1	Pig
1	ignorant
1	New
1	leant
1	flurry
1	animal
1	effort
1	directly
1	unlocking
1	tremulous
1	courage
1	riper
1	law
1	pretty
1	boxed
1	knowledge
1	clock
1	marched
1	imagine
1	respectable
1	ITS
1	riddle
1	prisoner
1	stuff
1	mallets
1	ma
1	HIS
1	Eaglet
1	Between
1	quiver
1	soldier
1	eggs
1	morning
1	entrance
1	network
1	choosing
1	mournful
1	drive
1	roughly
1	act
1	calculate
1	measure
1	rumbling
1	bore
1	vinegar
1	Even
1	vague
1	assistance
1	Very
1	redistribute
1	occasional
1	EDITION
1	lest
1	elegant
1	vote
1	PLENTY
1	Poor
1	agreed
1	saucepan
1	start
1	Executive
1	energetic
1	prize
1	pocket
1	START
1	uneasily
1	crawled
1	letter
1	politely
1	kiss
1	reduced
1	warranties
1	folded
1	wept
1	ANYTHING
1	interest
1	punching
1	alarmed
1	paw
1	computers
1	electronically
1	rats
1	believed
1	conversations
1	neat
1	declare
1	whatever
1	patted
1	Tale
1	advance
1	royalties
1	chose
1	elbows
1	SIT
1	arise
1	disclaim
1	label
1	past
1	shilling
1	denying
1	HATED
1	losing
1	condemn
1	setting
1	Our
1	pink
1	immense
1	Sections
1	shining
1	Long
1	preserve
1	stupidly
1	comfortably
1	tops
1	nonproprietary
1	beasts
1	crumbs
1	eel
1	quarrel
1	October
1	history
1	waste
1	address
1	exclusion
1	purpose
1	indignant
1	AGREEMENT
1	agony
1	fright
1	histories
1	thrown
1	squeezed
1	leading
1	shedding
1	Five
1	cries
1	merrily
1	sizes
1	favoured
1	rich
1	lessen
1	towards
1	tunnel
1	Please
1	committed
1	sneeze
1	Posting
1	dig
1	royalty
1	overcome
1	buttercup
1	receiving
1	flapper
1	Canary
1	lost
1	morals
1	implied
1	inclined
1	accessible
1	paint
1	rises
1	Replacement
1	THEY
1	expressing
1	Crab
1	beating
1	flustered
1	pretending
1	rabbit
1	turns
1	family
1	pencils
1	hundred
1	Still
1	doubt
1	twinkled
1	curving
1	daughter
1	hurrying
1	evidently
1	speech
1	void
1	push
1	dishes
1	exporting
1	five
1	spell
1	exists
1	growls
1	deserved
1	straightened
1	June
1	WARRANTY
1	drawing
1	tidy
1	lifted
1	truthful
1	disclaimers
1	Improve
1	Down
1	man
1	hearth
1	bowing
1	splendidly
1	familiarly
1	employee
1	mouths
1	examining
1	closer
1	flung
1	Revenue
1	usual
1	undoing
1	numerous
1	oneself
1	woke
1	Therefore
1	PUNITIVE
1	Fainting
1	bristling
1	wondered
1	sugar
1	faint
1	interpreted
1	wooden
1	walrus
1	READ
1	NEAR
1	hedgehogs
1	Mind
1	flown
1	paused
1	bursting
1	expression
1	yelp
1	tale
1	subdued
1	wags
1	eating
1	lowing
1	FROM
1	THEIR
1	doubling
1	donation
1	remove
1	Two
1	mostly
1	thirty
1	muscular
1	canvas
1	underneath
1	attached
1	scratching
1	approach
1	length
1	grin
1	HIGH
1	equipment
1	TWO
1	prove
1	miss
1	opposite
1	organized
1	shrimp
1	generations
1	thick
1	disappointment
1	previous
1	feather
1	secure
1	saucer
1	sharply
1	plates
1	oblong
1	Take
1	hoarsely
1	ravens
1	somersault
1	dainties
1	pressing
1	wag
1	spite
1	graceful
1	handsome
1	vulgar
1	execute
1	straightening
1	remarks
1	deletions
1	violates
1	blades
1	shape
1	magic
1	accident
1	fumbled
1	Waiting
1	bad
1	home
1	Involved
1	consented
1	THOSE
1	May
1	pass
1	proprietary
1	fun
1	shrieked
1	fortunately
1	profits
1	harmless
1	series
1	pairs
1	remembering
1	spoon
1	pleasanter
1	memorandum
1	visit
1	seven
1	license
1	hopeless
1	signifies
1	O
1	Story
1	impatient
1	Redistribution
1	raising
1	Evidence
1	shrink
1	creep
1	busy
1	Volunteers
1	bones
1	oldest
1	sands
1	milk
1	understood
1	incessantly
1	main
1	unable
1	neighbouring
1	sink
1	Everything
1	hall
1	EXCEPT
1	types
1	dreaming
1	forepaws
1	Special
1	Be
1	sticks
1	indemnify
1	throughout
1	agent
1	singers
1	fifteen
1	rose
1	curtsey
1	uncorked
1	trumpet
1	accounting
1	Full
1	Dinn
1	learned
1	acceptance
1	scattered
1	fancying
1	knee
1	temper
1	extremely
1	minded
1	DISTRIBUTOR
1	nurse
1	seeing
1	experiment
1	present
1	anger
1	railway
1	meeting
1	swallow
1	Edgar
1	Laughing
1	quarrelled
1	bough
1	discontinue
1	BUT
1	About
1	PROVIDED
1	daresay
1	limbs
1	beloved
1	baked
1	machine
1	listeners
1	confirmed
1	provision
1	remarked
1	sign
1	uncomfortable
1	quick
1	invited
1	consultation
1	Like
1	offers
1	trickling
1	Always
1	spectacles
1	blows
1	comes
1	toys
1	FIT
1	indirectly
1	insult
1	Sends
1	flame
1	injure
1	creation
1	righthand
1	snout
1	hatters
1	Turn
1	murdering
1	stoop
1	effect
1	Internal
1	turtles
1	complaining
1	Sing
1	invented
1	Redistributing
1	paperwork
1	terribly
1	choose
1	needs
1	USE
1	unhappy
1	stockings
1	Edwin
1	heels
1	Tears
1	attended
1	sits
1	critical
1	interrupt
1	delay
1	ending
1	drowned
1	finishing
1	additions
1	nonsense
1	Mississippi
1	driest
1	TOOK
1	land
1	globe
1	lives
1	pronounced
1	required
1	upsetting
1	ugly
1	eats
1	piteous
1	owed
1	practice
1	damaged
1	feared
1	BEFORE
1	dears
1	OURS
1	lazily
1	darkness
1	educational
1	discover
1	guard
1	distance
1	KNOW
1	clean
1	MILE
1	array
1	DISCLAIMER
1	DONATIONS
1	recognised
1	ensuring
1	unsolicited
1	porpoise
1	stretching
1	spreading
1	muddle
1	dripping
1	desperate
1	bird
1	disk
1	gay
1	fluttered
1	transcribe
1	Luckily
1	imposed
1	gratefully
1	redistributing
1	England
1	tumbled
1	clinging
1	WORK
1	Hart
1	pointed
1	processing
1	compilation
1	wander
1	introduced
1	accepted
1	method
1	flat
1	SUCH
1	drop
1	bend
1	ferrets
1	break
1	counting
1	hid
1	DISTRIBUTE
1	thanked
1	swallowing
1	burning
1	fly
1	Compliance
1	library
1	plan
1	decidedly
1	whispers
1	feeble
1	grey
1	somewhere
1	touch
1	pleasing
1	promotion
1	teaching
1	inquired
1	purring
1	North
1	liability
1	require
1	reported
1	altogether
1	fifth
1	surprise
1	soup
1	neighbour
1	persisted
1	lasted
1	brass
1	dodged
1	alive
1	sky
1	inaccurate
1	save
1	dreadful
1	toes
1	shillings
1	lobster
1	gather
1	beheading
1	Newby
1	corner
1	exclamation
1	explanation
1	upright
1	confirmation
1	denied
1	knife
1	stole
1	manner
1	Trims
1	attends
1	Paris
1	deductible
1	hiss
1	lose
1	thistle
1	furrow
1	cattle
1	Updated
1	Release
1	ago
1	ridiculous
1	sorry
1	invalidity
1	Everybody
1	PROVES
1	pretexts
1	kettle
1	lamps
1	Melan
1	TRADEMARK
1	Classics
1	group
1	periodic
1	roast
1	grins
1	belong
1	uncommonly
1	slate
1	rightly
1	Lake
1	pencil
1	howled
1	WATCH
1	cease
1	rustled
1	scroll
1	POSSIBILITY
1	Soon
1	content
1	result
1	thatched
1	crouched
1	exact
1	yards
1	centre
1	Number
1	settle
1	engaged
1	escape
1	Once
1	named
1	hopeful
1	double
1	govern
1	research
1	choking
1	feelings
1	INCLUDING
1	pop
1	eaten
1	Chief
1	determine
1	wandering
1	Zealand
1	Nobody
1	ridge
1	RETURNED
1	smoke
1	unenforceability
1	belt
1	credit
1	duck
1	GIVE
1	soothing
1	crawling
1	Copyright
1	snail
1	speed
1	violence
1	below
1	uncomfortably
1	flashed
1	ledge
1	performances
1	INCIDENTAL
1	Most
1	demand
1	riddles
1	Run
1	alarm
1	stool
1	granted
1	IF
1	Character
1	loveliest
1	flavour
1	pulling
1	promised
1	Contributions
1	alas
1	buttered
1	Allow
1	tittered
1	bathing
1	justice
1	humble
1	planning
1	subjects
1	modified
1	flying
1	alternately
1	original
1	BUSY
1	Was
1	maintaining
1	donors
1	flock
1	INDEMNITY
1	narrow
1	roared
1	cheap
1	murder
1	kissed
1	Public
1	clamour
1	rushed
1	curly
1	labelled
1	imitated
1	passing
1	hint
1	LEAVE
1	CURTSEYING
1	faster
1	maps
1	worry
1	cheerfully
1	livery
1	Duck
1	returned
1	unlink
1	attempt
1	indicate
1	pigs
1	Suppress
1	screaming
1	accidentally
1	grew
1	Though
1	HAD
1	eleventh
1	Of
1	PG
1	afore
1	Heads
1	jaws
1	STRICT
1	provoking
1	Tortoise
1	sentenced
1	nose
1	known
1	print
1	lit
1	SAID
1	obstacle
1	described
1	encourage
1	mile
1	hundreds
1	cakes
1	folding
1	solid
1	plainly
1	hypertext
1	blame
1	submitted
1	Defect
1	vanishing
1	derived
1	Mabel
1	AT
1	convert
1	grazed
1	Gregory
1	supple
1	especially
1	licking
1	reminding
1	absurd
1	licensed
1	skurried
1	contributions
1	whereupon
1	patience
1	wore
1	washing
1	commotion
1	skimming
1	DOTH
1	deeply
1	DOES
1	camomile
1	common
1	hollow
1	sprawling
1	company
1	derive
1	unjust
1	shepherd
1	Those
1	twenty
1	respectful
1	includes
1	Professor
1	Creating
1	conclusion
1	rippling
1	encouraged
1	dates
1	delight
1	charitable
1	financial
1	softly
1	possessed
1	chief
1	pitied
1	elect
1	Time
1	frontispiece
1	closely
1	account
1	curls
1	proves
1	treated
1	increasing
1	Additional
1	bawled
1	dozing
1	growl
1	birthday
1	possible
1	detach
1	poky
1	crash
1	newsletter
1	stupid
1	kindly
1	lullaby
1	cackled
1	charges
1	diligently
1	living
1	LIABLE
1	bent
1	rudeness
1	KING
1	enjoy
1	THROUGH
1	available
1	slightest
1	roots
1	frighten
1	opportunities
1	besides
1	producing
1	IT
1	Stole
1	rise
1	furious
1	games
1	avoid
1	climb
1	odd
1	honest
1	croqueting
1	Nearly
1	trampled
1	breeze
1	prepare
1	RED
1	meekly
1	played
1	fanning
1	fireplace
1	placed
1	clever
1	loving
1	donate
1	BOOTS
1	End
1	trusts
1	UT
1	kills
1	favourite
1	non
1	poker
1	sobbed
1	damage
1	corrupt
1	noticing
1	yelled
1	toss
1	stalk
1	oh
1	current
1	beautify
1	kneel
1	retire
1	advisable
1	consider
1	song
1	winter
1	patriotic
1	feebly
1	coaxing
1	dogs
1	lot
1	ones
1	breathe
1	yawning
1	Silence
1	Hearts
1	Visit
1	Many
1	notifies
1	poured
1	Digging
1	footsteps
1	thoughtfully
1	faintly
1	actually
1	fading
1	prohibition
1	Either
1	THAN
1	Magpie
1	scream
1	capering
1	dropping
1	trot
1	verse
1	louder
1	passionate
1	stupidest
